0 info it worked if it ends with ok
1 verbose cli [ 'c:\\Program Files\\nodejs\\node.exe',
1 verbose cli   'c:\\Program Files\\nodejs\\node_modules\\npm\\bin\\npm-cli.js',
1 verbose cli   'publish' ]
2 info using npm@1.4.14
3 info using node@v0.10.29
4 verbose publish [ '.' ]
5 verbose cache add [ '.', null ]
6 verbose cache add name=undefined spec="." args=[".",null]
7 verbose parsed url { protocol: null,
7 verbose parsed url   slashes: null,
7 verbose parsed url   auth: null,
7 verbose parsed url   host: null,
7 verbose parsed url   port: null,
7 verbose parsed url   hostname: null,
7 verbose parsed url   hash: null,
7 verbose parsed url   search: null,
7 verbose parsed url   query: null,
7 verbose parsed url   pathname: '.',
7 verbose parsed url   path: '.',
7 verbose parsed url   href: '.' }
8 silly lockFile 3a52ce78- .
9 verbose lock . C:\Users\John\AppData\Roaming\npm-cache\3a52ce78-.lock
10 verbose tar pack [ 'C:\\Users\\John\\AppData\\Roaming\\npm-cache\\choprify\\1.3.2\\package.tgz',
10 verbose tar pack   '.' ]
11 verbose tarball C:\Users\John\AppData\Roaming\npm-cache\choprify\1.3.2\package.tgz
12 verbose folder .
13 info prepublish choprify@1.3.2
14 silly lockFile 1f1177db-tar tar://.
15 verbose lock tar://. C:\Users\John\AppData\Roaming\npm-cache\1f1177db-tar.lock
16 silly lockFile 6b1e70bc-cache-choprify-1-3-2-package-tgz tar://C:\Users\John\AppData\Roaming\npm-cache\choprify\1.3.2\package.tgz
17 verbose lock tar://C:\Users\John\AppData\Roaming\npm-cache\choprify\1.3.2\package.tgz C:\Users\John\AppData\Roaming\npm-cache\6b1e70bc-cache-choprify-1-3-2-package-tgz.lock
18 silly lockFile 1f1177db-tar tar://.
19 silly lockFile 1f1177db-tar tar://.
20 silly lockFile 6b1e70bc-cache-choprify-1-3-2-package-tgz tar://C:\Users\John\AppData\Roaming\npm-cache\choprify\1.3.2\package.tgz
21 silly lockFile 6b1e70bc-cache-choprify-1-3-2-package-tgz tar://C:\Users\John\AppData\Roaming\npm-cache\choprify\1.3.2\package.tgz
22 silly lockFile 0e3f6def-npm-cache-choprify-1-3-2-package C:\Users\John\AppData\Roaming\npm-cache\choprify\1.3.2\package
23 verbose lock C:\Users\John\AppData\Roaming\npm-cache\choprify\1.3.2\package C:\Users\John\AppData\Roaming\npm-cache\0e3f6def-npm-cache-choprify-1-3-2-package.lock
24 silly lockFile 0e3f6def-npm-cache-choprify-1-3-2-package C:\Users\John\AppData\Roaming\npm-cache\choprify\1.3.2\package
25 silly lockFile 0e3f6def-npm-cache-choprify-1-3-2-package C:\Users\John\AppData\Roaming\npm-cache\choprify\1.3.2\package
26 silly lockFile 3a52ce78- .
27 silly lockFile 3a52ce78- .
28 silly publish { author: { name: 'John Haugeland' },
28 silly publish   name: 'choprify',
28 silly publish   description: 'Provides the wisdom of Deepak Chopra',
28 silly publish   version: '1.3.2',
28 silly publish   repository: { url: 'https://github.com/StoneCypher/DeepakChopra_NodeJS' },
28 silly publish   main: './choprify.js',
28 silly publish   keywords:
28 silly publish    [ 'deepak',
28 silly publish      'chopra',
28 silly publish      'guru',
28 silly publish      'wisdom',
28 silly publish      'insight',
28 silly publish      'generate',
28 silly publish      'generator',
28 silly publish      'text generator',
28 silly publish      'StoneCypher' ],
28 silly publish   bin: { choprify: './choprify' },
28 silly publish   devDependencies: { gulp: '*' },
28 silly publish   dependencies: { commander: '2.0.0', vows: '*', 'sc-eslint': '*' },
28 silly publish   engines: { node: '*' },
28 silly publish   scripts: { test: 'vows test/* --spec' },
28 silly publish   readme: 'choprify\r\n========\r\n\r\n![Language](http://img.shields.io/badge/Language-JavaScript-000000.svg) &nbsp;\r\n![Language](http://img.shields.io/badge/Platform-NPM-000000.svg) &nbsp;\r\n![Language](http://img.shields.io/badge/License-MIT-000055.svg)\r\n\r\n[![NPM Downloads](http://img.shields.io/npm/dm/choprify.svg)](https://npmjs.org/package/choprify)\r\n\r\nThis is a small text generator with the noble goal of dispensing\r\nthe meaningful life changing advice and wisdom of Deepak Chopra.\r\n\r\nNeedless to say, it\'s a random text generator.\r\n\r\n\r\n\r\nHow to use\r\n----------\r\n\r\nSimple enough.  Install globally or locally.  For the example,\r\nwe\'ll install globally, because that\'s terrible advice, and this\r\nis a Wisdom of Chopra generator.\r\n\r\n```\r\nnpm install -g choprify\r\n```\r\n\r\nThen it\'s as simple as\r\n\r\n```\r\nchoprify\r\n```\r\n\r\nNext, wait for some insight.\r\n\r\n\r\n\r\nOptions\r\n-------\r\n\r\n* `-c` or `--count`\r\n  * Issued with a number, this tells Chopra how much information to\r\n    provide.\r\n* `--source`\r\n  * Allows you to provide your own data.  (Remember that many shells\r\n    will expect `./foo.json`.)  There is an example in the `lib`\r\n    directory called `forest_belton.json` which provides alternate\r\n    data and an alternate construction.\r\n\r\n\r\n\r\nPolemic\r\n=======\r\n\r\n`choprify` is MIT licensed, because viral licenses and newspeak language modification are evil. Free is only free when it\'s free for everyone.',
28 silly publish   readmeFilename: 'README.md',
28 silly publish   gitHead: 'df67f212c3594da89ad122f5060e91e497f2ec5a',
28 silly publish   bugs: { url: 'https://github.com/StoneCypher/DeepakChopra_NodeJS/issues' },
28 silly publish   homepage: 'https://github.com/StoneCypher/DeepakChopra_NodeJS',
28 silly publish   _id: 'choprify@1.3.2',
28 silly publish   _shasum: '33f26a95bffecf1b1e4031874b630099aebbdc87',
28 silly publish   _from: '.' }
29 verbose url raw choprify
30 verbose url resolving [ 'https://registry.npmjs.org/', './choprify' ]
31 verbose url resolved https://registry.npmjs.org/choprify
32 info trying registry request attempt 1 at 00:16:13
33 http PUT https://registry.npmjs.org/choprify
34 http 500 https://registry.npmjs.org/choprify
35 info retry will retry, error on last attempt: Error: pound_internal_server_error : choprify
36 info trying registry request attempt 2 at 00:16:24
37 http PUT https://registry.npmjs.org/choprify
38 http 401 https://registry.npmjs.org/choprify
39 verbose headers { date: 'Fri, 05 Dec 2014 08:16:24 GMT',
39 verbose headers   server: 'CouchDB/1.5.0 (Erlang OTP/R16B03)',
39 verbose headers   'content-type': 'application/json',
39 verbose headers   'cache-control': 'max-age=60',
39 verbose headers   'content-length': '67',
39 verbose headers   'accept-ranges': 'bytes',
39 verbose headers   via: '1.1 varnish',
39 verbose headers   'x-served-by': 'cache-sjc3135-SJC',
39 verbose headers   'x-cache': 'MISS',
39 verbose headers   'x-cache-hits': '0',
39 verbose headers   'x-timer': 'S1417767384.312403,VS0,VE137',
39 verbose headers   'keep-alive': 'timeout=10, max=50',
39 verbose headers   connection: 'Keep-Alive' }
40 error publish Failed PUT 401
41 error Error: unauthorized Name or password is incorrect.: choprify
41 error     at RegClient.<anonymous> (c:\Program Files\nodejs\node_modules\npm\node_modules\npm-registry-client\lib\request.js:274:14)
41 error     at Request._callback (c:\Program Files\nodejs\node_modules\npm\node_modules\npm-registry-client\lib\request.js:212:65)
41 error     at Request.self.callback (c:\Program Files\nodejs\node_modules\npm\node_modules\request\request.js:123:22)
41 error     at Request.emit (events.js:98:17)
41 error     at Request.<anonymous> (c:\Program Files\nodejs\node_modules\npm\node_modules\request\request.js:893:14)
41 error     at Request.emit (events.js:117:20)
41 error     at IncomingMessage.<anonymous> (c:\Program Files\nodejs\node_modules\npm\node_modules\request\request.js:844:12)
41 error     at IncomingMessage.emit (events.js:117:20)
41 error     at _stream_readable.js:929:16
41 error     at process._tickCallback (node.js:419:13)
42 error If you need help, you may report this *entire* log,
42 error including the npm and node versions, at:
42 error     <http://github.com/npm/npm/issues>
43 error System Windows_NT 6.2.9200
44 error command "c:\\Program Files\\nodejs\\node.exe" "c:\\Program Files\\nodejs\\node_modules\\npm\\bin\\npm-cli.js" "publish"
45 error cwd c:\projects\DeepakChopra_NodeJS
46 error node -v v0.10.29
47 error npm -v 1.4.14
48 verbose exit [ 1, true ]
